{"message":"404 - Not Found - / - GET - ::1","level":"error"}
{"message":"::1 - - [11/Feb/2020:08:20:53 +0000] \"GET / HTTP/1.1\" 404 1392 \"-\" \"Mozilla/5.0 (X11; Linux x86_64) AppleWebKit/537.36 (KHTML, like Gecko) Chrome/80.0.3987.87 Safari/537.36\"\n","level":"info"}
{"message":"::1 - - [11/Feb/2020:08:20:55 +0000] \"GET /banks HTTP/1.1\" 304 - \"-\" \"Mozilla/5.0 (X11; Linux x86_64) AppleWebKit/537.36 (KHTML, like Gecko) Chrome/80.0.3987.87 Safari/537.36\"\n","level":"info"}
{"message":"404 - Not Found - /favicon.ico - GET - ::1","level":"error"}
{"message":"::1 - - [11/Feb/2020:08:20:55 +0000] \"GET /favicon.ico HTTP/1.1\" 404 1392 \"http://localhost:3000/banks\" \"Mozilla/5.0 (X11; Linux x86_64) AppleWebKit/537.36 (KHTML, like Gecko) Chrome/80.0.3987.87 Safari/537.36\"\n","level":"info"}
{"message":"::1 - - [11/Feb/2020:08:21:57 +0000] \"GET /banks HTTP/1.1\" 304 - \"http://localhost:4200/\" \"Mozilla/5.0 (X11; Linux x86_64) AppleWebKit/537.36 (KHTML, like Gecko) Chrome/80.0.3987.87 Safari/537.36\"\n","level":"info"}
{"message":"::1 - - [11/Feb/2020:09:25:52 +0000] \"GET /banks HTTP/1.1\" 304 - \"http://localhost:5000/\" \"Mozilla/5.0 (X11; Linux x86_64) AppleWebKit/537.36 (KHTML, like Gecko) Chrome/80.0.3987.87 Safari/537.36\"\n","level":"info"}
{"message":"::1 - - [11/Feb/2020:09:26:18 +0000] \"GET /banks HTTP/1.1\" 304 - \"http://localhost:5000/\" \"Mozilla/5.0 (X11; Linux x86_64) AppleWebKit/537.36 (KHTML, like Gecko) Chrome/80.0.3987.87 Safari/537.36\"\n","level":"info"}
{"message":"::1 - - [11/Feb/2020:09:26:35 +0000] \"GET /banks/99/report HTTP/1.1\" 304 - \"http://localhost:5000/banks/99/sending\" \"Mozilla/5.0 (X11; Linux x86_64) AppleWebKit/537.36 (KHTML, like Gecko) Chrome/80.0.3987.87 Safari/537.36\"\n","level":"info"}
{"message":"::1 - - [11/Feb/2020:09:26:40 +0000] \"GET /banks HTTP/1.1\" 304 - \"http://localhost:5000/\" \"Mozilla/5.0 (X11; Linux x86_64) AppleWebKit/537.36 (KHTML, like Gecko) Chrome/80.0.3987.87 Safari/537.36\"\n","level":"info"}
{"message":"::1 - - [12/Feb/2020:03:07:48 +0000] \"GET /banks HTTP/1.1\" 304 - \"http://localhost:4200/\" \"Mozilla/5.0 (X11; Linux x86_64) AppleWebKit/537.36 (KHTML, like Gecko) Chrome/80.0.3987.87 Safari/537.36\"\n","level":"info"}
{"message":"::1 - - [12/Feb/2020:03:07:59 +0000] \"GET /banks/99/report HTTP/1.1\" 304 - \"http://localhost:4200/banks/99/sending\" \"Mozilla/5.0 (X11; Linux x86_64) AppleWebKit/537.36 (KHTML, like Gecko) Chrome/80.0.3987.87 Safari/537.36\"\n","level":"info"}
{"message":"::1 - - [12/Feb/2020:03:54:02 +0000] \"GET /banks HTTP/1.1\" 304 - \"http://localhost:4200/\" \"Mozilla/5.0 (X11; Linux x86_64) AppleWebKit/537.36 (KHTML, like Gecko) Chrome/80.0.3987.87 Safari/537.36\"\n","level":"info"}
{"message":"::1 - - [12/Feb/2020:03:54:07 +0000] \"GET /banks/99/report HTTP/1.1\" 304 - \"http://localhost:4200/banks/99/sending\" \"Mozilla/5.0 (iPhone; CPU iPhone OS 13_2_3 like Mac OS X) AppleWebKit/605.1.15 (KHTML, like Gecko) Version/13.0.3 Mobile/15E148 Safari/604.1\"\n","level":"info"}
{"message":"::1 - - [12/Feb/2020:03:54:09 +0000] \"GET /banks/99/consent HTTP/1.1\" 304 - \"http://localhost:4200/banks/99/consensus\" \"Mozilla/5.0 (iPhone; CPU iPhone OS 13_2_3 like Mac OS X) AppleWebKit/605.1.15 (KHTML, like Gecko) Version/13.0.3 Mobile/15E148 Safari/604.1\"\n","level":"info"}
{"message":"::1 - - [12/Feb/2020:03:56:03 +0000] \"GET /banks HTTP/1.1\" 304 - \"http://localhost:4200/\" \"Mozilla/5.0 (iPhone; CPU iPhone OS 13_2_3 like Mac OS X) AppleWebKit/605.1.15 (KHTML, like Gecko) Version/13.0.3 Mobile/15E148 Safari/604.1\"\n","level":"info"}
{"message":"::1 - - [12/Feb/2020:03:56:22 +0000] \"GET /banks HTTP/1.1\" 304 - \"http://localhost:4200/\" \"Mozilla/5.0 (iPhone; CPU iPhone OS 13_2_3 like Mac OS X) AppleWebKit/605.1.15 (KHTML, like Gecko) Version/13.0.3 Mobile/15E148 Safari/604.1\"\n","level":"info"}
{"message":"::1 - - [12/Feb/2020:03:56:24 +0000] \"GET /banks/99/report HTTP/1.1\" 304 - \"http://localhost:4200/banks/99/sending\" \"Mozilla/5.0 (iPhone; CPU iPhone OS 13_2_3 like Mac OS X) AppleWebKit/605.1.15 (KHTML, like Gecko) Version/13.0.3 Mobile/15E148 Safari/604.1\"\n","level":"info"}
{"message":"::1 - - [12/Feb/2020:03:56:29 +0000] \"GET /banks/99/consent HTTP/1.1\" 304 - \"http://localhost:4200/banks/99/consensus\" \"Mozilla/5.0 (iPhone; CPU iPhone OS 13_2_3 like Mac OS X) AppleWebKit/605.1.15 (KHTML, like Gecko) Version/13.0.3 Mobile/15E148 Safari/604.1\"\n","level":"info"}
{"message":"::1 - - [12/Feb/2020:03:56:41 +0000] \"GET /banks HTTP/1.1\" 304 - \"http://localhost:4200/\" \"Mozilla/5.0 (iPhone; CPU iPhone OS 13_2_3 like Mac OS X) AppleWebKit/605.1.15 (KHTML, like Gecko) Version/13.0.3 Mobile/15E148 Safari/604.1\"\n","level":"info"}
{"message":"::1 - - [12/Feb/2020:04:57:19 +0000] \"GET /banks HTTP/1.1\" - - \"http://localhost:4200/\" \"Mozilla/5.0 (X11; Linux x86_64) AppleWebKit/537.36 (KHTML, like Gecko) Chrome/80.0.3987.87 Safari/537.36\"\n","level":"info"}
{"message":"::1 - - [12/Feb/2020:04:57:20 +0000] \"GET /banks HTTP/1.1\" 200 257 \"http://localhost:4200/\" \"Mozilla/5.0 (iPhone; CPU iPhone OS 13_2_3 like Mac OS X) AppleWebKit/605.1.15 (KHTML, like Gecko) Version/13.0.3 Mobile/15E148 Safari/604.1\"\n","level":"info"}
{"message":"::1 - - [12/Feb/2020:04:57:22 +0000] \"GET /banks/99/report HTTP/1.1\" 304 - \"http://localhost:4200/banks/99/sending\" \"Mozilla/5.0 (iPhone; CPU iPhone OS 13_2_3 like Mac OS X) AppleWebKit/605.1.15 (KHTML, like Gecko) Version/13.0.3 Mobile/15E148 Safari/604.1\"\n","level":"info"}
{"message":"::1 - - [12/Feb/2020:04:58:30 +0000] \"GET /banks/99/report HTTP/1.1\" - - \"http://localhost:4200/banks/99/sending\" \"Mozilla/5.0 (iPhone; CPU iPhone OS 13_2_3 like Mac OS X) AppleWebKit/605.1.15 (KHTML, like Gecko) Version/13.0.3 Mobile/15E148 Safari/604.1\"\n","level":"info"}
{"message":"::1 - - [12/Feb/2020:04:58:31 +0000] \"GET /banks/99/report HTTP/1.1\" 200 174 \"http://localhost:4200/banks/99/sending\" \"Mozilla/5.0 (iPhone; CPU iPhone OS 13_2_3 like Mac OS X) AppleWebKit/605.1.15 (KHTML, like Gecko) Version/13.0.3 Mobile/15E148 Safari/604.1\"\n","level":"info"}
{"message":"::1 - - [12/Feb/2020:04:59:02 +0000] \"GET /banks/99/report HTTP/1.1\" 304 - \"http://localhost:4200/banks/99/sending\" \"Mozilla/5.0 (iPhone; CPU iPhone OS 13_2_3 like Mac OS X) AppleWebKit/605.1.15 (KHTML, like Gecko) Version/13.0.3 Mobile/15E148 Safari/604.1\"\n","level":"info"}
{"message":"::1 - - [12/Feb/2020:04:59:35 +0000] \"GET /banks/99/report HTTP/1.1\" - - \"http://localhost:4200/banks/99/sending\" \"Mozilla/5.0 (iPhone; CPU iPhone OS 13_2_3 like Mac OS X) AppleWebKit/605.1.15 (KHTML, like Gecko) Version/13.0.3 Mobile/15E148 Safari/604.1\"\n","level":"info"}
{"message":"::1 - - [12/Feb/2020:04:59:40 +0000] \"GET /banks/99/report HTTP/1.1\" - - \"http://localhost:4200/banks/99/sending\" \"Mozilla/5.0 (iPhone; CPU iPhone OS 13_2_3 like Mac OS X) AppleWebKit/605.1.15 (KHTML, like Gecko) Version/13.0.3 Mobile/15E148 Safari/604.1\"\n","level":"info"}
{"message":"::1 - - [12/Feb/2020:04:59:50 +0000] \"GET /banks/99/report HTTP/1.1\" - - \"http://localhost:4200/banks/99/sending\" \"Mozilla/5.0 (iPhone; CPU iPhone OS 13_2_3 like Mac OS X) AppleWebKit/605.1.15 (KHTML, like Gecko) Version/13.0.3 Mobile/15E148 Safari/604.1\"\n","level":"info"}
{"message":"::1 - - [12/Feb/2020:06:04:01 +0000] \"GET /banks HTTP/1.1\" 304 - \"http://localhost:4200/\" \"Mozilla/5.0 (X11; Linux x86_64) AppleWebKit/537.36 (KHTML, like Gecko) Chrome/80.0.3987.87 Safari/537.36\"\n","level":"info"}
{"message":"::1 - - [12/Feb/2020:06:04:03 +0000] \"GET /banks/99/report HTTP/1.1\" 200 174 \"http://localhost:4200/banks/99/sending\" \"Mozilla/5.0 (X11; Linux x86_64) AppleWebKit/537.36 (KHTML, like Gecko) Chrome/80.0.3987.87 Safari/537.36\"\n","level":"info"}
{"message":"::1 - - [12/Feb/2020:06:04:45 +0000] \"GET /banks/99/report HTTP/1.1\" 304 - \"http://localhost:4200/banks/99/sending\" \"Mozilla/5.0 (iPhone; CPU iPhone OS 13_2_3 like Mac OS X) AppleWebKit/605.1.15 (KHTML, like Gecko) Version/13.0.3 Mobile/15E148 Safari/604.1\"\n","level":"info"}
{"message":"::1 - - [12/Feb/2020:06:04:53 +0000] \"GET /banks HTTP/1.1\" 304 - \"http://localhost:4200/\" \"Mozilla/5.0 (X11; Linux x86_64) AppleWebKit/537.36 (KHTML, like Gecko) Chrome/80.0.3987.87 Safari/537.36\"\n","level":"info"}
{"message":"::1 - - [12/Feb/2020:06:05:00 +0000] \"GET /banks/99/report HTTP/1.1\" 304 - \"http://localhost:4200/banks/99/sending\" \"Mozilla/5.0 (Linux; Android 8.0; Pixel 2 Build/OPD3.170816.012) AppleWebKit/537.36 (KHTML, like Gecko) Chrome/80.0.3987.87 Mobile Safari/537.36\"\n","level":"info"}
{"message":"::1 - - [12/Feb/2020:06:05:16 +0000] \"GET /banks/99/report HTTP/1.1\" 304 - \"http://localhost:4200/banks/99/sending\" \"Mozilla/5.0 (Linux; Android 8.0; Pixel 2 Build/OPD3.170816.012) AppleWebKit/537.36 (KHTML, like Gecko) Chrome/80.0.3987.87 Mobile Safari/537.36\"\n","level":"info"}
{"message":"::1 - - [12/Feb/2020:06:05:46 +0000] \"GET /banks/99/report HTTP/1.1\" 304 - \"http://localhost:4200/banks/99/sending\" \"Mozilla/5.0 (Linux; Android 8.0; Pixel 2 Build/OPD3.170816.012) AppleWebKit/537.36 (KHTML, like Gecko) Chrome/80.0.3987.87 Mobile Safari/537.36\"\n","level":"info"}
{"message":"::1 - - [12/Feb/2020:06:06:13 +0000] \"GET /banks/99/report HTTP/1.1\" 304 - \"http://localhost:4200/banks/99/sending\" \"Mozilla/5.0 (Linux; Android 8.0; Pixel 2 Build/OPD3.170816.012) AppleWebKit/537.36 (KHTML, like Gecko) Chrome/80.0.3987.87 Mobile Safari/537.36\"\n","level":"info"}
{"message":"::1 - - [12/Feb/2020:06:06:52 +0000] \"GET /banks/99/report HTTP/1.1\" 304 - \"http://localhost:4200/banks/99/sending\" \"Mozilla/5.0 (Linux; Android 8.0; Pixel 2 Build/OPD3.170816.012) AppleWebKit/537.36 (KHTML, like Gecko) Chrome/80.0.3987.87 Mobile Safari/537.36\"\n","level":"info"}
{"message":"::1 - - [12/Feb/2020:06:07:14 +0000] \"GET /banks/99/report HTTP/1.1\" 304 - \"http://localhost:4200/banks/99/sending\" \"Mozilla/5.0 (Linux; Android 8.0; Pixel 2 Build/OPD3.170816.012) AppleWebKit/537.36 (KHTML, like Gecko) Chrome/80.0.3987.87 Mobile Safari/537.36\"\n","level":"info"}
{"message":"::1 - - [12/Feb/2020:06:07:18 +0000] \"GET /banks/99/report HTTP/1.1\" 304 - \"http://localhost:4200/banks/99/sending\" \"Mozilla/5.0 (Linux; Android 8.0; Pixel 2 Build/OPD3.170816.012) AppleWebKit/537.36 (KHTML, like Gecko) Chrome/80.0.3987.87 Mobile Safari/537.36\"\n","level":"info"}
{"message":"::1 - - [12/Feb/2020:06:08:17 +0000] \"GET /banks/99/report HTTP/1.1\" 304 - \"http://localhost:4200/banks/99/sending\" \"Mozilla/5.0 (Linux; Android 8.0; Pixel 2 Build/OPD3.170816.012) AppleWebKit/537.36 (KHTML, like Gecko) Chrome/80.0.3987.87 Mobile Safari/537.36\"\n","level":"info"}
{"message":"::1 - - [12/Feb/2020:06:08:42 +0000] \"GET /banks/99/report HTTP/1.1\" 304 - \"http://localhost:4200/banks/99/sending\" \"Mozilla/5.0 (Linux; Android 8.0; Pixel 2 Build/OPD3.170816.012) AppleWebKit/537.36 (KHTML, like Gecko) Chrome/80.0.3987.87 Mobile Safari/537.36\"\n","level":"info"}
{"message":"::1 - - [12/Feb/2020:06:09:01 +0000] \"GET /banks/99/report HTTP/1.1\" 304 - \"http://localhost:4200/banks/99/sending\" \"Mozilla/5.0 (Linux; Android 8.0; Pixel 2 Build/OPD3.170816.012) AppleWebKit/537.36 (KHTML, like Gecko) Chrome/80.0.3987.87 Mobile Safari/537.36\"\n","level":"info"}
{"message":"::1 - - [12/Feb/2020:06:09:45 +0000] \"GET /banks/99/report HTTP/1.1\" 304 - \"http://localhost:4200/banks/99/sending\" \"Mozilla/5.0 (Linux; Android 8.0; Pixel 2 Build/OPD3.170816.012) AppleWebKit/537.36 (KHTML, like Gecko) Chrome/80.0.3987.87 Mobile Safari/537.36\"\n","level":"info"}
{"message":"::1 - - [12/Feb/2020:06:09:57 +0000] \"GET /banks/99/consent HTTP/1.1\" 304 - \"http://localhost:4200/banks/99/consensus\" \"Mozilla/5.0 (Linux; Android 8.0; Pixel 2 Build/OPD3.170816.012) AppleWebKit/537.36 (KHTML, like Gecko) Chrome/80.0.3987.87 Mobile Safari/537.36\"\n","level":"info"}
{"message":"::1 - - [12/Feb/2020:06:25:47 +0000] \"GET /banks HTTP/1.1\" 304 - \"http://192.168.22.179:4200/\" \"Mozilla/5.0 (X11; Linux x86_64) AppleWebKit/537.36 (KHTML, like Gecko) Chrome/80.0.3987.87 Safari/537.36\"\n","level":"info"}
{"message":"::1 - - [12/Feb/2020:06:27:14 +0000] \"GET /banks HTTP/1.1\" 200 257 \"http://192.168.22.179:4200/\" \"Mozilla/5.0 (Linux; Android 8.0; Pixel 2 Build/OPD3.170816.012) AppleWebKit/537.36 (KHTML, like Gecko) Chrome/80.0.3987.87 Mobile Safari/537.36\"\n","level":"info"}
{"message":"::1 - - [12/Feb/2020:06:41:53 +0000] \"GET /banks HTTP/1.1\" 304 - \"http://192.168.22.179:4200/\" \"Mozilla/5.0 (Linux; Android 8.0; Pixel 2 Build/OPD3.170816.012) AppleWebKit/537.36 (KHTML, like Gecko) Chrome/80.0.3987.87 Mobile Safari/537.36\"\n","level":"info"}
{"message":"::1 - - [12/Feb/2020:06:55:17 +0000] \"GET /banks HTTP/1.1\" 304 - \"http://192.168.22.179:4200/\" \"Mozilla/5.0 (Linux; Android 8.0; Pixel 2 Build/OPD3.170816.012) AppleWebKit/537.36 (KHTML, like Gecko) Chrome/80.0.3987.87 Mobile Safari/537.36\"\n","level":"info"}
{"error":{"errno":-2,"syscall":"open","code":"ENOENT","path":"../sslcert/key.pem"},"level":"error","message":"uncaughtException: ENOENT: no such file or directory, open '../sslcert/key.pem'\nError: ENOENT: no such file or directory, open '../sslcert/key.pem'\n    at Object.openSync (fs.js:440:3)\n    at Object.readFileSync (fs.js:342:35)\n    at Object.<anonymous> (/home/user/Code_example/web/mobileweb/Back-end/server.js:6:24)\n    at Module._compile (internal/modules/cjs/loader.js:959:30)\n    at Object.Module._extensions..js (internal/modules/cjs/loader.js:995:10)\n    at Module.load (internal/modules/cjs/loader.js:815:32)\n    at Function.Module._load (internal/modules/cjs/loader.js:727:14)\n    at Function.Module.runMain (internal/modules/cjs/loader.js:1047:10)\n    at internal/main/run_main_module.js:17:11","stack":"Error: ENOENT: no such file or directory, open '../sslcert/key.pem'\n    at Object.openSync (fs.js:440:3)\n    at Object.readFileSync (fs.js:342:35)\n    at Object.<anonymous> (/home/user/Code_example/web/mobileweb/Back-end/server.js:6:24)\n    at Module._compile (internal/modules/cjs/loader.js:959:30)\n    at Object.Module._extensions..js (internal/modules/cjs/loader.js:995:10)\n    at Module.load (internal/modules/cjs/loader.js:815:32)\n    at Function.Module._load (internal/modules/cjs/loader.js:727:14)\n    at Function.Module.runMain (internal/modules/cjs/loader.js:1047:10)\n    at internal/main/run_main_module.js:17:11","exception":true,"date":"Wed Feb 12 2020 15:33:59 GMT+0700 (Indochina Time)","process":{"pid":11098,"uid":1000,"gid":1000,"cwd":"/home/user/Code_example/web/mobileweb/Back-end","execPath":"/usr/local/bin/node","version":"v12.14.0","argv":["/usr/local/bin/node","/home/user/Code_example/web/mobileweb/Back-end/server.js"],"memoryUsage":{"rss":46583808,"heapTotal":16461824,"heapUsed":8954920,"external":1141766}},"os":{"loadavg":[1.5908203125,1.1025390625,0.81396484375],"uptime":18016},"trace":[{"column":3,"file":"fs.js","function":"Object.openSync","line":440,"method":"openSync","native":false},{"column":35,"file":"fs.js","function":"Object.readFileSync","line":342,"method":"readFileSync","native":false},{"column":24,"file":"/home/user/Code_example/web/mobileweb/Back-end/server.js","function":null,"line":6,"method":null,"native":false},{"column":30,"file":"internal/modules/cjs/loader.js","function":"Module._compile","line":959,"method":"_compile","native":false},{"column":10,"file":"internal/modules/cjs/loader.js","function":"Module._extensions..js","line":995,"method":".js","native":false},{"column":32,"file":"internal/modules/cjs/loader.js","function":"Module.load","line":815,"method":"load","native":false},{"column":14,"file":"internal/modules/cjs/loader.js","function":"Module._load","line":727,"method":"_load","native":false},{"column":10,"file":"internal/modules/cjs/loader.js","function":"Module.runMain","line":1047,"method":"runMain","native":false},{"column":11,"file":"internal/main/run_main_module.js","function":null,"line":17,"method":null,"native":false}]}
{"message":"::1 - - [12/Feb/2020:08:34:54 +0000] \"GET /banks HTTP/1.1\" 200 257 \"-\" \"Mozilla/5.0 (X11; Linux x86_64) AppleWebKit/537.36 (KHTML, like Gecko) Chrome/80.0.3987.87 Safari/537.36\"\n","level":"info"}
{"message":"404 - Not Found - /favicon.ico - GET - ::1","level":"error"}
{"message":"::1 - - [12/Feb/2020:08:34:54 +0000] \"GET /favicon.ico HTTP/1.1\" 404 1392 \"https://localhost:3300/banks\" \"Mozilla/5.0 (X11; Linux x86_64) AppleWebKit/537.36 (KHTML, like Gecko) Chrome/80.0.3987.87 Safari/537.36\"\n","level":"info"}
{"message":"::1 - - [12/Feb/2020:08:41:50 +0000] \"GET /banks HTTP/1.1\" 200 257 \"http://localhost:4200/\" \"Mozilla/5.0 (X11; Linux x86_64) AppleWebKit/537.36 (KHTML, like Gecko) Chrome/80.0.3987.87 Safari/537.36\"\n","level":"info"}
{"message":"::1 - - [12/Feb/2020:08:41:57 +0000] \"GET /banks/99/report HTTP/1.1\" 200 174 \"http://localhost:4200/banks/99/sending\" \"Mozilla/5.0 (iPhone; CPU iPhone OS 13_2_3 like Mac OS X) AppleWebKit/605.1.15 (KHTML, like Gecko) Version/13.0.3 Mobile/15E148 Safari/604.1\"\n","level":"info"}
{"message":"::1 - - [12/Feb/2020:08:42:36 +0000] \"GET /banks/99/report HTTP/1.1\" 200 174 \"http://localhost:4200/banks/99/sending\" \"Mozilla/5.0 (iPhone; CPU iPhone OS 13_2_3 like Mac OS X) AppleWebKit/605.1.15 (KHTML, like Gecko) Version/13.0.3 Mobile/15E148 Safari/604.1\"\n","level":"info"}
{"message":"::1 - - [12/Feb/2020:08:56:01 +0000] \"GET /banks/99/report HTTP/1.1\" 200 174 \"http://localhost:4200/banks/99/sending\" \"Mozilla/5.0 (iPhone; CPU iPhone OS 13_2_3 like Mac OS X) AppleWebKit/605.1.15 (KHTML, like Gecko) Version/13.0.3 Mobile/15E148 Safari/604.1\"\n","level":"info"}
{"message":"::1 - - [12/Feb/2020:08:57:25 +0000] \"GET /banks/99/report HTTP/1.1\" 200 174 \"http://localhost:4200/banks/99/sending\" \"Mozilla/5.0 (iPhone; CPU iPhone OS 13_2_3 like Mac OS X) AppleWebKit/605.1.15 (KHTML, like Gecko) Version/13.0.3 Mobile/15E148 Safari/604.1\"\n","level":"info"}
{"message":"::1 - - [12/Feb/2020:08:58:21 +0000] \"GET /banks/99/report HTTP/1.1\" 200 174 \"http://localhost:4200/banks/99/sending\" \"Mozilla/5.0 (iPhone; CPU iPhone OS 13_2_3 like Mac OS X) AppleWebKit/605.1.15 (KHTML, like Gecko) Version/13.0.3 Mobile/15E148 Safari/604.1\"\n","level":"info"}
{"message":"::1 - - [12/Feb/2020:08:59:57 +0000] \"GET /banks/99/report HTTP/1.1\" 200 174 \"http://localhost:4200/banks/99/sending\" \"Mozilla/5.0 (iPhone; CPU iPhone OS 13_2_3 like Mac OS X) AppleWebKit/605.1.15 (KHTML, like Gecko) Version/13.0.3 Mobile/15E148 Safari/604.1\"\n","level":"info"}
{"message":"::1 - - [12/Feb/2020:09:00:02 +0000] \"GET /banks/99/report HTTP/1.1\" 200 174 \"http://localhost:4200/banks/99/sending\" \"Mozilla/5.0 (iPhone; CPU iPhone OS 13_2_3 like Mac OS X) AppleWebKit/605.1.15 (KHTML, like Gecko) Version/13.0.3 Mobile/15E148 Safari/604.1\"\n","level":"info"}
{"message":"::1 - - [12/Feb/2020:09:00:40 +0000] \"GET /banks/99/report HTTP/1.1\" 200 174 \"http://localhost:4200/banks/99/sending\" \"Mozilla/5.0 (iPhone; CPU iPhone OS 13_2_3 like Mac OS X) AppleWebKit/605.1.15 (KHTML, like Gecko) Version/13.0.3 Mobile/15E148 Safari/604.1\"\n","level":"info"}
{"message":"::1 - - [12/Feb/2020:09:01:03 +0000] \"GET /banks/99/report HTTP/1.1\" 200 174 \"http://localhost:4200/banks/99/sending\" \"Mozilla/5.0 (iPhone; CPU iPhone OS 13_2_3 like Mac OS X) AppleWebKit/605.1.15 (KHTML, like Gecko) Version/13.0.3 Mobile/15E148 Safari/604.1\"\n","level":"info"}
{"message":"::1 - - [12/Feb/2020:09:02:47 +0000] \"GET /banks/99/report HTTP/1.1\" 200 174 \"http://localhost:4200/banks/99/sending\" \"Mozilla/5.0 (iPhone; CPU iPhone OS 13_2_3 like Mac OS X) AppleWebKit/605.1.15 (KHTML, like Gecko) Version/13.0.3 Mobile/15E148 Safari/604.1\"\n","level":"info"}
{"message":"::1 - - [12/Feb/2020:09:08:20 +0000] \"GET /banks/99/report HTTP/1.1\" 200 174 \"http://localhost:4200/banks/99/sending\" \"Mozilla/5.0 (iPhone; CPU iPhone OS 13_2_3 like Mac OS X) AppleWebKit/605.1.15 (KHTML, like Gecko) Version/13.0.3 Mobile/15E148 Safari/604.1\"\n","level":"info"}
{"message":"::1 - - [12/Feb/2020:09:08:22 +0000] \"GET /banks HTTP/1.1\" 200 257 \"http://localhost:4200/\" \"Mozilla/5.0 (iPhone; CPU iPhone OS 13_2_3 like Mac OS X) AppleWebKit/605.1.15 (KHTML, like Gecko) Version/13.0.3 Mobile/15E148 Safari/604.1\"\n","level":"info"}
{"message":"::1 - - [12/Feb/2020:09:08:24 +0000] \"GET /banks/99/report HTTP/1.1\" 200 174 \"http://localhost:4200/banks/99/sending\" \"Mozilla/5.0 (iPhone; CPU iPhone OS 13_2_3 like Mac OS X) AppleWebKit/605.1.15 (KHTML, like Gecko) Version/13.0.3 Mobile/15E148 Safari/604.1\"\n","level":"info"}
{"message":"::1 - - [12/Feb/2020:09:08:28 +0000] \"GET /banks/99/consent HTTP/1.1\" 200 248 \"http://localhost:4200/banks/99/consensus\" \"Mozilla/5.0 (iPhone; CPU iPhone OS 13_2_3 like Mac OS X) AppleWebKit/605.1.15 (KHTML, like Gecko) Version/13.0.3 Mobile/15E148 Safari/604.1\"\n","level":"info"}
{"message":"::1 - - [12/Feb/2020:09:10:04 +0000] \"GET /banks/99/consent HTTP/1.1\" 200 248 \"http://localhost:4200/banks/99/consensus\" \"Mozilla/5.0 (iPhone; CPU iPhone OS 13_2_3 like Mac OS X) AppleWebKit/605.1.15 (KHTML, like Gecko) Version/13.0.3 Mobile/15E148 Safari/604.1\"\n","level":"info"}
{"message":"::1 - - [12/Feb/2020:09:22:38 +0000] \"GET /banks HTTP/1.1\" 200 257 \"http://localhost:4200/\" \"Mozilla/5.0 (X11; Linux x86_64) AppleWebKit/537.36 (KHTML, like Gecko) Chrome/80.0.3987.87 Safari/537.36\"\n","level":"info"}
{"message":"::1 - - [12/Feb/2020:09:22:43 +0000] \"GET /banks/99/report HTTP/1.1\" 200 174 \"http://localhost:4200/banks/99/sending\" \"Mozilla/5.0 (iPhone; CPU iPhone OS 13_2_3 like Mac OS X) AppleWebKit/605.1.15 (KHTML, like Gecko) Version/13.0.3 Mobile/15E148 Safari/604.1\"\n","level":"info"}
{"message":"::1 - - [12/Feb/2020:09:22:51 +0000] \"GET /banks/99/consent HTTP/1.1\" 200 248 \"http://localhost:4200/banks/99/consensus\" \"Mozilla/5.0 (iPhone; CPU iPhone OS 13_2_3 like Mac OS X) AppleWebKit/605.1.15 (KHTML, like Gecko) Version/13.0.3 Mobile/15E148 Safari/604.1\"\n","level":"info"}
{"message":"::1 - - [12/Feb/2020:09:23:32 +0000] \"GET /banks/99/consent HTTP/1.1\" 200 248 \"http://localhost:4200/banks/99/consensus\" \"Mozilla/5.0 (iPhone; CPU iPhone OS 13_2_3 like Mac OS X) AppleWebKit/605.1.15 (KHTML, like Gecko) Version/13.0.3 Mobile/15E148 Safari/604.1\"\n","level":"info"}
{"message":"::1 - - [12/Feb/2020:10:42:13 +0000] \"GET /banks HTTP/1.1\" 200 257 \"http://localhost:4200/\" \"Mozilla/5.0 (X11; Linux x86_64) AppleWebKit/537.36 (KHTML, like Gecko) Chrome/80.0.3987.87 Safari/537.36\"\n","level":"info"}
{"message":"::1 - - [12/Feb/2020:10:42:17 +0000] \"GET /banks/99/report HTTP/1.1\" 200 174 \"http://localhost:4200/banks/99/sending\" \"Mozilla/5.0 (iPhone; CPU iPhone OS 13_2_3 like Mac OS X) AppleWebKit/605.1.15 (KHTML, like Gecko) Version/13.0.3 Mobile/15E148 Safari/604.1\"\n","level":"info"}
{"message":"::1 - - [12/Feb/2020:10:42:40 +0000] \"GET /banks/99/report HTTP/1.1\" 200 174 \"http://localhost:4200/banks/99/sending\" \"Mozilla/5.0 (iPhone; CPU iPhone OS 13_2_3 like Mac OS X) AppleWebKit/605.1.15 (KHTML, like Gecko) Version/13.0.3 Mobile/15E148 Safari/604.1\"\n","level":"info"}
{"message":"::1 - - [12/Feb/2020:10:42:45 +0000] \"GET /banks/99/report HTTP/1.1\" 200 174 \"http://localhost:4200/banks/99/sending\" \"Mozilla/5.0 (iPhone; CPU iPhone OS 13_2_3 like Mac OS X) AppleWebKit/605.1.15 (KHTML, like Gecko) Version/13.0.3 Mobile/15E148 Safari/604.1\"\n","level":"info"}
{"message":"::1 - - [12/Feb/2020:10:42:55 +0000] \"GET /banks HTTP/1.1\" 200 257 \"http://localhost:4200/\" \"Mozilla/5.0 (iPhone; CPU iPhone OS 13_2_3 like Mac OS X) AppleWebKit/605.1.15 (KHTML, like Gecko) Version/13.0.3 Mobile/15E148 Safari/604.1\"\n","level":"info"}
{"message":"::1 - - [12/Feb/2020:10:42:56 +0000] \"GET /banks/99/report HTTP/1.1\" 200 174 \"http://localhost:4200/banks/99/sending\" \"Mozilla/5.0 (iPhone; CPU iPhone OS 13_2_3 like Mac OS X) AppleWebKit/605.1.15 (KHTML, like Gecko) Version/13.0.3 Mobile/15E148 Safari/604.1\"\n","level":"info"}
{"message":"::1 - - [13/Feb/2020:02:27:35 +0000] \"GET /banks HTTP/1.1\" 200 257 \"https://localhost:4200/\" \"Mozilla/5.0 (X11; Linux x86_64) AppleWebKit/537.36 (KHTML, like Gecko) Chrome/80.0.3987.87 Safari/537.36\"\n","level":"info"}
{"message":"::1 - - [13/Feb/2020:02:27:42 +0000] \"GET /banks/99/report HTTP/1.1\" 200 174 \"https://localhost:4200/banks/99/sending\" \"Mozilla/5.0 (iPhone; CPU iPhone OS 13_2_3 like Mac OS X) AppleWebKit/605.1.15 (KHTML, like Gecko) Version/13.0.3 Mobile/15E148 Safari/604.1\"\n","level":"info"}
{"message":"::1 - - [13/Feb/2020:02:28:00 +0000] \"GET /banks/99/consent HTTP/1.1\" 200 248 \"https://localhost:4200/banks/99/consensus\" \"Mozilla/5.0 (iPhone; CPU iPhone OS 13_2_3 like Mac OS X) AppleWebKit/605.1.15 (KHTML, like Gecko) Version/13.0.3 Mobile/15E148 Safari/604.1\"\n","level":"info"}
{"message":"::1 - - [13/Feb/2020:02:28:36 +0000] \"GET /banks HTTP/1.1\" 200 257 \"https://localhost:4200/\" \"Mozilla/5.0 (iPhone; CPU iPhone OS 13_2_3 like Mac OS X) AppleWebKit/605.1.15 (KHTML, like Gecko) Version/13.0.3 Mobile/15E148 Safari/604.1\"\n","level":"info"}
{"message":"::1 - - [13/Feb/2020:02:30:40 +0000] \"GET /banks HTTP/1.1\" 200 257 \"https://localhost:4200/\" \"Mozilla/5.0 (X11; Linux x86_64) AppleWebKit/537.36 (KHTML, like Gecko) Chrome/80.0.3987.87 Safari/537.36\"\n","level":"info"}
{"message":"::1 - - [13/Feb/2020:07:00:16 +0000] \"GET /banks HTTP/1.1\" 200 363 \"http://localhost:4200/\" \"Mozilla/5.0 (X11; Linux x86_64) AppleWebKit/537.36 (KHTML, like Gecko) Chrome/80.0.3987.87 Safari/537.36\"\n","level":"info"}
{"message":"::1 - - [13/Feb/2020:07:00:25 +0000] \"GET /banks/99/report HTTP/1.1\" 200 174 \"http://localhost:4200/banks/99/sending\" \"Mozilla/5.0 (iPhone; CPU iPhone OS 13_2_3 like Mac OS X) AppleWebKit/605.1.15 (KHTML, like Gecko) Version/13.0.3 Mobile/15E148 Safari/604.1\"\n","level":"info"}
{"message":"::1 - - [13/Feb/2020:07:00:35 +0000] \"GET /banks/99/consent HTTP/1.1\" 200 248 \"http://localhost:4200/banks/99/consensus\" \"Mozilla/5.0 (iPhone; CPU iPhone OS 13_2_3 like Mac OS X) AppleWebKit/605.1.15 (KHTML, like Gecko) Version/13.0.3 Mobile/15E148 Safari/604.1\"\n","level":"info"}
{"message":"::1 - - [13/Feb/2020:07:02:12 +0000] \"GET /banks/99/consent HTTP/1.1\" 200 248 \"http://localhost:4200/banks/99/consensus\" \"Mozilla/5.0 (iPhone; CPU iPhone OS 13_2_3 like Mac OS X) AppleWebKit/605.1.15 (KHTML, like Gecko) Version/13.0.3 Mobile/15E148 Safari/604.1\"\n","level":"info"}
{"message":"::1 - - [13/Feb/2020:07:02:13 +0000] \"GET /banks/99/report HTTP/1.1\" 200 174 \"http://localhost:4200/banks/99/sending\" \"Mozilla/5.0 (iPhone; CPU iPhone OS 13_2_3 like Mac OS X) AppleWebKit/605.1.15 (KHTML, like Gecko) Version/13.0.3 Mobile/15E148 Safari/604.1\"\n","level":"info"}
{"message":"::1 - - [13/Feb/2020:07:02:42 +0000] \"GET /banks/99/report HTTP/1.1\" 200 174 \"http://localhost:4200/banks/99/sending\" \"Mozilla/5.0 (iPhone; CPU iPhone OS 13_2_3 like Mac OS X) AppleWebKit/605.1.15 (KHTML, like Gecko) Version/13.0.3 Mobile/15E148 Safari/604.1\"\n","level":"info"}
{"message":"::1 - - [13/Feb/2020:07:05:27 +0000] \"GET /banks/99/report HTTP/1.1\" 200 174 \"http://localhost:4200/banks/99/sending\" \"Mozilla/5.0 (iPhone; CPU iPhone OS 13_2_3 like Mac OS X) AppleWebKit/605.1.15 (KHTML, like Gecko) Version/13.0.3 Mobile/15E148 Safari/604.1\"\n","level":"info"}
{"message":"::1 - - [13/Feb/2020:07:07:07 +0000] \"GET /banks/99/report HTTP/1.1\" 200 174 \"http://localhost:4200/banks/99/sending\" \"Mozilla/5.0 (iPhone; CPU iPhone OS 13_2_3 like Mac OS X) AppleWebKit/605.1.15 (KHTML, like Gecko) Version/13.0.3 Mobile/15E148 Safari/604.1\"\n","level":"info"}
{"message":"::1 - - [13/Feb/2020:07:08:17 +0000] \"GET /banks/99/report HTTP/1.1\" 200 174 \"http://localhost:4200/banks/99/sending\" \"Mozilla/5.0 (iPhone; CPU iPhone OS 13_2_3 like Mac OS X) AppleWebKit/605.1.15 (KHTML, like Gecko) Version/13.0.3 Mobile/15E148 Safari/604.1\"\n","level":"info"}
{"message":"::1 - - [13/Feb/2020:07:10:22 +0000] \"GET /banks/99/report HTTP/1.1\" 200 174 \"http://localhost:4200/banks/99/sending\" \"Mozilla/5.0 (iPhone; CPU iPhone OS 13_2_3 like Mac OS X) AppleWebKit/605.1.15 (KHTML, like Gecko) Version/13.0.3 Mobile/15E148 Safari/604.1\"\n","level":"info"}
{"message":"::1 - - [13/Feb/2020:07:12:05 +0000] \"GET /banks/99/report HTTP/1.1\" 200 174 \"http://localhost:4200/banks/99/sending\" \"Mozilla/5.0 (iPhone; CPU iPhone OS 13_2_3 like Mac OS X) AppleWebKit/605.1.15 (KHTML, like Gecko) Version/13.0.3 Mobile/15E148 Safari/604.1\"\n","level":"info"}
{"message":"::1 - - [13/Feb/2020:07:12:59 +0000] \"GET /banks/99/report HTTP/1.1\" 200 174 \"http://localhost:4200/banks/99/sending\" \"Mozilla/5.0 (iPhone; CPU iPhone OS 13_2_3 like Mac OS X) AppleWebKit/605.1.15 (KHTML, like Gecko) Version/13.0.3 Mobile/15E148 Safari/604.1\"\n","level":"info"}
{"message":"::1 - - [13/Feb/2020:07:14:40 +0000] \"GET /banks/99/report HTTP/1.1\" 200 174 \"http://localhost:4200/banks/99/sending\" \"Mozilla/5.0 (iPhone; CPU iPhone OS 13_2_3 like Mac OS X) AppleWebKit/605.1.15 (KHTML, like Gecko) Version/13.0.3 Mobile/15E148 Safari/604.1\"\n","level":"info"}
{"message":"::1 - - [13/Feb/2020:07:17:19 +0000] \"GET /banks/99/report HTTP/1.1\" 200 174 \"http://localhost:4200/banks/99/sending\" \"Mozilla/5.0 (iPhone; CPU iPhone OS 13_2_3 like Mac OS X) AppleWebKit/605.1.15 (KHTML, like Gecko) Version/13.0.3 Mobile/15E148 Safari/604.1\"\n","level":"info"}
{"message":"::1 - - [13/Feb/2020:07:18:08 +0000] \"GET /banks/99/report HTTP/1.1\" 200 174 \"http://localhost:4200/banks/99/sending\" \"Mozilla/5.0 (iPhone; CPU iPhone OS 13_2_3 like Mac OS X) AppleWebKit/605.1.15 (KHTML, like Gecko) Version/13.0.3 Mobile/15E148 Safari/604.1\"\n","level":"info"}
{"message":"::1 - - [13/Feb/2020:07:19:27 +0000] \"GET /banks/99/report HTTP/1.1\" 200 174 \"http://localhost:4200/banks/99/sending\" \"Mozilla/5.0 (iPhone; CPU iPhone OS 13_2_3 like Mac OS X) AppleWebKit/605.1.15 (KHTML, like Gecko) Version/13.0.3 Mobile/15E148 Safari/604.1\"\n","level":"info"}
{"message":"::1 - - [13/Feb/2020:07:19:53 +0000] \"GET /banks/99/report HTTP/1.1\" 200 174 \"http://localhost:4200/banks/99/sending\" \"Mozilla/5.0 (iPhone; CPU iPhone OS 13_2_3 like Mac OS X) AppleWebKit/605.1.15 (KHTML, like Gecko) Version/13.0.3 Mobile/15E148 Safari/604.1\"\n","level":"info"}
{"message":"::1 - - [13/Feb/2020:07:21:33 +0000] \"GET /banks/99/report HTTP/1.1\" 200 174 \"http://localhost:4200/banks/99/sending\" \"Mozilla/5.0 (iPhone; CPU iPhone OS 13_2_3 like Mac OS X) AppleWebKit/605.1.15 (KHTML, like Gecko) Version/13.0.3 Mobile/15E148 Safari/604.1\"\n","level":"info"}
{"message":"::1 - - [13/Feb/2020:07:22:09 +0000] \"GET /banks/99/report HTTP/1.1\" 200 174 \"http://localhost:4200/banks/99/sending\" \"Mozilla/5.0 (iPhone; CPU iPhone OS 13_2_3 like Mac OS X) AppleWebKit/605.1.15 (KHTML, like Gecko) Version/13.0.3 Mobile/15E148 Safari/604.1\"\n","level":"info"}
{"message":"::1 - - [13/Feb/2020:07:22:22 +0000] \"GET /banks/99/report HTTP/1.1\" 200 174 \"http://localhost:4200/banks/99/sending\" \"Mozilla/5.0 (iPhone; CPU iPhone OS 13_2_3 like Mac OS X) AppleWebKit/605.1.15 (KHTML, like Gecko) Version/13.0.3 Mobile/15E148 Safari/604.1\"\n","level":"info"}
{"message":"::1 - - [13/Feb/2020:07:22:29 +0000] \"GET /banks/99/report HTTP/1.1\" 200 174 \"http://localhost:4200/banks/99/sending\" \"Mozilla/5.0 (iPhone; CPU iPhone OS 13_2_3 like Mac OS X) AppleWebKit/605.1.15 (KHTML, like Gecko) Version/13.0.3 Mobile/15E148 Safari/604.1\"\n","level":"info"}
{"message":"::1 - - [13/Feb/2020:07:23:11 +0000] \"GET /banks/99/report HTTP/1.1\" 200 174 \"http://localhost:4200/banks/99/sending\" \"Mozilla/5.0 (iPhone; CPU iPhone OS 13_2_3 like Mac OS X) AppleWebKit/605.1.15 (KHTML, like Gecko) Version/13.0.3 Mobile/15E148 Safari/604.1\"\n","level":"info"}
{"message":"::1 - - [13/Feb/2020:07:27:46 +0000] \"GET /banks/99/report HTTP/1.1\" 200 174 \"http://localhost:4200/banks/99/sending\" \"Mozilla/5.0 (iPhone; CPU iPhone OS 13_2_3 like Mac OS X) AppleWebKit/605.1.15 (KHTML, like Gecko) Version/13.0.3 Mobile/15E148 Safari/604.1\"\n","level":"info"}
{"message":"::1 - - [13/Feb/2020:07:31:39 +0000] \"GET /banks/99/report HTTP/1.1\" 200 174 \"http://localhost:4200/banks/99/sending\" \"Mozilla/5.0 (iPhone; CPU iPhone OS 13_2_3 like Mac OS X) AppleWebKit/605.1.15 (KHTML, like Gecko) Version/13.0.3 Mobile/15E148 Safari/604.1\"\n","level":"info"}
{"message":"::1 - - [13/Feb/2020:07:33:04 +0000] \"GET /banks/99/report HTTP/1.1\" - - \"http://localhost:4200/banks/99/sending\" \"Mozilla/5.0 (iPhone; CPU iPhone OS 13_2_3 like Mac OS X) AppleWebKit/605.1.15 (KHTML, like Gecko) Version/13.0.3 Mobile/15E148 Safari/604.1\"\n","level":"info"}
{"message":"::1 - - [13/Feb/2020:07:33:04 +0000] \"GET /banks/99/report HTTP/1.1\" 200 174 \"http://localhost:4200/banks/99/sending\" \"Mozilla/5.0 (iPhone; CPU iPhone OS 13_2_3 like Mac OS X) AppleWebKit/605.1.15 (KHTML, like Gecko) Version/13.0.3 Mobile/15E148 Safari/604.1\"\n","level":"info"}
{"message":"::1 - - [13/Feb/2020:07:34:19 +0000] \"GET /banks/99/report HTTP/1.1\" 200 174 \"http://localhost:4200/banks/99/sending\" \"Mozilla/5.0 (iPhone; CPU iPhone OS 13_2_3 like Mac OS X) AppleWebKit/605.1.15 (KHTML, like Gecko) Version/13.0.3 Mobile/15E148 Safari/604.1\"\n","level":"info"}
{"message":"::1 - - [13/Feb/2020:07:35:05 +0000] \"GET /banks/99/report HTTP/1.1\" 200 174 \"http://localhost:4200/banks/99/sending\" \"Mozilla/5.0 (iPhone; CPU iPhone OS 13_2_3 like Mac OS X) AppleWebKit/605.1.15 (KHTML, like Gecko) Version/13.0.3 Mobile/15E148 Safari/604.1\"\n","level":"info"}
{"message":"::1 - - [13/Feb/2020:07:35:33 +0000] \"GET /banks/99/report HTTP/1.1\" 200 174 \"http://localhost:4200/banks/99/sending\" \"Mozilla/5.0 (iPhone; CPU iPhone OS 13_2_3 like Mac OS X) AppleWebKit/605.1.15 (KHTML, like Gecko) Version/13.0.3 Mobile/15E148 Safari/604.1\"\n","level":"info"}
{"message":"::1 - - [13/Feb/2020:07:35:55 +0000] \"GET /banks/99/report HTTP/1.1\" 200 174 \"http://localhost:4200/banks/99/sending\" \"Mozilla/5.0 (iPhone; CPU iPhone OS 13_2_3 like Mac OS X) AppleWebKit/605.1.15 (KHTML, like Gecko) Version/13.0.3 Mobile/15E148 Safari/604.1\"\n","level":"info"}
{"message":"::1 - - [13/Feb/2020:07:36:21 +0000] \"GET /banks/99/report HTTP/1.1\" 200 174 \"http://localhost:4200/banks/99/sending\" \"Mozilla/5.0 (iPhone; CPU iPhone OS 13_2_3 like Mac OS X) AppleWebKit/605.1.15 (KHTML, like Gecko) Version/13.0.3 Mobile/15E148 Safari/604.1\"\n","level":"info"}
{"message":"::1 - - [13/Feb/2020:07:38:44 +0000] \"GET /banks/99/report HTTP/1.1\" - - \"http://localhost:4200/banks/99/sending\" \"Mozilla/5.0 (iPhone; CPU iPhone OS 13_2_3 like Mac OS X) AppleWebKit/605.1.15 (KHTML, like Gecko) Version/13.0.3 Mobile/15E148 Safari/604.1\"\n","level":"info"}
{"message":"::1 - - [13/Feb/2020:07:38:44 +0000] \"GET /banks/99/consent HTTP/1.1\" - - \"http://localhost:4200/banks/99/consensus\" \"Mozilla/5.0 (iPhone; CPU iPhone OS 13_2_3 like Mac OS X) AppleWebKit/605.1.15 (KHTML, like Gecko) Version/13.0.3 Mobile/15E148 Safari/604.1\"\n","level":"info"}
{"message":"::1 - - [13/Feb/2020:07:38:48 +0000] \"GET /banks/99/report HTTP/1.1\" 200 174 \"http://localhost:4200/banks/99/sending\" \"Mozilla/5.0 (iPhone; CPU iPhone OS 13_2_3 like Mac OS X) AppleWebKit/605.1.15 (KHTML, like Gecko) Version/13.0.3 Mobile/15E148 Safari/604.1\"\n","level":"info"}
{"message":"::1 - - [13/Feb/2020:07:38:53 +0000] \"GET /banks HTTP/1.1\" 200 363 \"http://localhost:4200/\" \"Mozilla/5.0 (iPhone; CPU iPhone OS 13_2_3 like Mac OS X) AppleWebKit/605.1.15 (KHTML, like Gecko) Version/13.0.3 Mobile/15E148 Safari/604.1\"\n","level":"info"}
{"message":"::1 - - [13/Feb/2020:07:38:55 +0000] \"GET /banks/99/report HTTP/1.1\" 200 174 \"http://localhost:4200/banks/99/sending\" \"Mozilla/5.0 (iPhone; CPU iPhone OS 13_2_3 like Mac OS X) AppleWebKit/605.1.15 (KHTML, like Gecko) Version/13.0.3 Mobile/15E148 Safari/604.1\"\n","level":"info"}
{"message":"::1 - - [13/Feb/2020:07:38:56 +0000] \"GET /banks/99/consent HTTP/1.1\" 200 248 \"http://localhost:4200/banks/99/consensus\" \"Mozilla/5.0 (iPhone; CPU iPhone OS 13_2_3 like Mac OS X) AppleWebKit/605.1.15 (KHTML, like Gecko) Version/13.0.3 Mobile/15E148 Safari/604.1\"\n","level":"info"}
{"message":"::1 - - [13/Feb/2020:07:38:58 +0000] \"GET /banks/99/report HTTP/1.1\" 200 174 \"http://localhost:4200/banks/99/sending\" \"Mozilla/5.0 (iPhone; CPU iPhone OS 13_2_3 like Mac OS X) AppleWebKit/605.1.15 (KHTML, like Gecko) Version/13.0.3 Mobile/15E148 Safari/604.1\"\n","level":"info"}
{"message":"::1 - - [13/Feb/2020:07:42:05 +0000] \"GET /banks/99/report HTTP/1.1\" 200 174 \"http://localhost:4200/banks/99/sending\" \"Mozilla/5.0 (iPhone; CPU iPhone OS 13_2_3 like Mac OS X) AppleWebKit/605.1.15 (KHTML, like Gecko) Version/13.0.3 Mobile/15E148 Safari/604.1\"\n","level":"info"}
{"message":"::1 - - [13/Feb/2020:07:42:51 +0000] \"GET /banks/99/report HTTP/1.1\" - - \"http://localhost:4200/banks/99/sending\" \"Mozilla/5.0 (iPhone; CPU iPhone OS 13_2_3 like Mac OS X) AppleWebKit/605.1.15 (KHTML, like Gecko) Version/13.0.3 Mobile/15E148 Safari/604.1\"\n","level":"info"}
{"message":"::1 - - [13/Feb/2020:07:42:51 +0000] \"GET /banks/99/report HTTP/1.1\" 200 174 \"http://localhost:4200/banks/99/sending\" \"Mozilla/5.0 (iPhone; CPU iPhone OS 13_2_3 like Mac OS X) AppleWebKit/605.1.15 (KHTML, like Gecko) Version/13.0.3 Mobile/15E148 Safari/604.1\"\n","level":"info"}
{"message":"::1 - - [13/Feb/2020:07:43:25 +0000] \"GET /banks/99/report HTTP/1.1\" 200 174 \"http://localhost:4200/banks/99/sending\" \"Mozilla/5.0 (iPhone; CPU iPhone OS 13_2_3 like Mac OS X) AppleWebKit/605.1.15 (KHTML, like Gecko) Version/13.0.3 Mobile/15E148 Safari/604.1\"\n","level":"info"}
{"message":"::1 - - [13/Feb/2020:07:54:35 +0000] \"GET /banks/99/report HTTP/1.1\" 200 174 \"http://localhost:4200/banks/99/sending\" \"Mozilla/5.0 (iPhone; CPU iPhone OS 13_2_3 like Mac OS X) AppleWebKit/605.1.15 (KHTML, like Gecko) Version/13.0.3 Mobile/15E148 Safari/604.1\"\n","level":"info"}
{"message":"::1 - - [13/Feb/2020:07:57:18 +0000] \"GET /banks/99/report HTTP/1.1\" 200 174 \"http://localhost:4200/banks/99/sending\" \"Mozilla/5.0 (iPhone; CPU iPhone OS 13_2_3 like Mac OS X) AppleWebKit/605.1.15 (KHTML, like Gecko) Version/13.0.3 Mobile/15E148 Safari/604.1\"\n","level":"info"}
{"message":"::1 - - [13/Feb/2020:07:57:19 +0000] \"GET /banks/99/consent HTTP/1.1\" 200 248 \"http://localhost:4200/banks/99/consensus\" \"Mozilla/5.0 (iPhone; CPU iPhone OS 13_2_3 like Mac OS X) AppleWebKit/605.1.15 (KHTML, like Gecko) Version/13.0.3 Mobile/15E148 Safari/604.1\"\n","level":"info"}
{"message":"::1 - - [13/Feb/2020:08:18:32 +0000] \"GET /banks HTTP/1.1\" 200 190 \"http://localhost:4200/\" \"Mozilla/5.0 (iPhone; CPU iPhone OS 13_2_3 like Mac OS X) AppleWebKit/605.1.15 (KHTML, like Gecko) Version/13.0.3 Mobile/15E148 Safari/604.1\"\n","level":"info"}
{"message":"::1 - - [13/Feb/2020:08:18:34 +0000] \"GET /banks/99/report HTTP/1.1\" 200 174 \"http://localhost:4200/banks/99/sending\" \"Mozilla/5.0 (iPhone; CPU iPhone OS 13_2_3 like Mac OS X) AppleWebKit/605.1.15 (KHTML, like Gecko) Version/13.0.3 Mobile/15E148 Safari/604.1\"\n","level":"info"}
{"message":"::1 - - [13/Feb/2020:08:18:40 +0000] \"GET /banks/99/consent HTTP/1.1\" 200 248 \"http://localhost:4200/banks/99/consensus\" \"Mozilla/5.0 (iPhone; CPU iPhone OS 13_2_3 like Mac OS X) AppleWebKit/605.1.15 (KHTML, like Gecko) Version/13.0.3 Mobile/15E148 Safari/604.1\"\n","level":"info"}
{"message":"::1 - - [13/Feb/2020:08:41:48 +0000] \"GET /banks HTTP/1.1\" 200 190 \"-\" \"Mozilla/5.0 (iPhone; CPU iPhone OS 13_2_3 like Mac OS X) AppleWebKit/605.1.15 (KHTML, like Gecko) Version/13.0.3 Mobile/15E148 Safari/604.1\"\n","level":"info"}
{"message":"404 - Not Found - /favicon.ico - GET - ::1","level":"error"}
{"message":"::1 - - [13/Feb/2020:08:41:48 +0000] \"GET /favicon.ico HTTP/1.1\" 404 1392 \"http://localhost:3400/banks\" \"Mozilla/5.0 (iPhone; CPU iPhone OS 13_2_3 like Mac OS X) AppleWebKit/605.1.15 (KHTML, like Gecko) Version/13.0.3 Mobile/15E148 Safari/604.1\"\n","level":"info"}
{"message":"::1 - - [13/Feb/2020:08:43:10 +0000] \"GET /banks HTTP/1.1\" 304 - \"http://localhost:4200/\" \"Mozilla/5.0 (iPhone; CPU iPhone OS 13_2_3 like Mac OS X) AppleWebKit/605.1.15 (KHTML, like Gecko) Version/13.0.3 Mobile/15E148 Safari/604.1\"\n","level":"info"}
